SF:lib/my_app.dart
DA:11,1
DA:13,1
DA:15,1
DA:16,1
DA:17,1
DA:19,2
DA:20,2
DA:21,1
DA:26,1
DA:27,0
DA:31,2
DA:32,1
DA:33,1
DA:34,1
DA:35,1
LF:15
LH:14
end_of_record
SF:lib/config/routes/app_router.dart
DA:8,0
DA:9,0
LF:2
LH:0
end_of_record
SF:lib/config/injectable/injectable_dependency.dart
DA:8,3
DA:10,0
DA:17,0
LF:3
LH:1
end_of_record
SF:lib/config/routes/app_router_mobile.dart
DA:14,0
DA:16,0
DA:17,0
DA:18,0
DA:21,0
DA:22,0
DA:23,0
DA:26,0
DA:27,0
DA:28,0
DA:31,0
DA:32,0
DA:33,0
DA:34,0
DA:35,0
DA:40,0
LF:16
LH:0
end_of_record
SF:lib/config/theme/app_theme.dart
DA:6,3
DA:7,1
DA:12,3
DA:13,1
LF:4
LH:4
end_of_record
